<?xml version="1.0" encoding="UTF-8"?>
<!-- Generated by org.testng.reporters.JUnitXMLReporter -->
<testsuite hostname="DESKTOP-69P9OLH" ignored="0" name="Test" tests="3" failures="0" timestamp="2022-09-23T10:36:13 IST" time="18.48" errors="0">
  <testcase name="demoMethod1" time="18.42" classname="JenkinsPractice.JenkinsPractice1Test"/>
  <testcase name="demoMethod2" time="0.002" classname="JenkinsPractice.JenkinsPractice2Test"/>
  <testcase name="demoMethod3" time="0.002" classname="JenkinsPractice.JenkinsPractice3Test"/>
</testsuite> <!-- Test -->
