<?xml version="1.0" encoding="UTF-8"?>
<testng-results skipped="0" failed="0" ignored="0" total="3" passed="3">
  <reporter-output>
  </reporter-output>
  <suite name="Suite" duration-ms="18480" started-at="2022-09-23T10:35:54 IST" finished-at="2022-09-23T10:36:13 IST">
    <groups>
    </groups>
    <test name="Test" duration-ms="18480" started-at="2022-09-23T10:35:54 IST" finished-at="2022-09-23T10:36:13 IST">
      <class name="JenkinsPractice.JenkinsPractice2Test">
        <test-method status="PASS" signature="demoMethod2()[pri:0, instance:JenkinsPractice.JenkinsPractice2Test@25af5db5]" name="demoMethod2" duration-ms="2" started-at="2022-09-23T10:36:13 IST" finished-at="2022-09-23T10:36:13 IST">
          <reporter-output>
          </reporter-output>
        </test-method> <!-- demoMethod2 -->
      </class> <!-- JenkinsPractice.JenkinsPractice2Test -->
      <class name="JenkinsPractice.JenkinsPractice1Test">
        <test-method status="PASS" signature="demoMethod1()[pri:0, instance:JenkinsPractice.JenkinsPractice1Test@5bfbf16f]" name="demoMethod1" duration-ms="18420" started-at="2022-09-23T10:35:54 IST" finished-at="2022-09-23T10:36:13 IST">
          <reporter-output>
          </reporter-output>
        </test-method> <!-- demoMethod1 -->
      </class> <!-- JenkinsPractice.JenkinsPractice1Test -->
      <class name="JenkinsPractice.JenkinsPractice3Test">
        <test-method status="PASS" signature="demoMethod3()[pri:0, instance:JenkinsPractice.JenkinsPractice3Test@12cdcf4]" name="demoMethod3" duration-ms="2" started-at="2022-09-23T10:36:13 IST" finished-at="2022-09-23T10:36:13 IST">
          <reporter-output>
          </reporter-output>
        </test-method> <!-- demoMethod3 -->
      </class> <!-- JenkinsPractice.JenkinsPractice3Test -->
    </test> <!-- Test -->
  </suite> <!-- Suite -->
</testng-results>
